SF:lib/core/constants/local_storage.dart
DA:8,1
DA:9,1
DA:12,0
DA:13,0
DA:16,1
DA:17,1
DA:20,1
DA:21,1
DA:24,1
DA:25,1
DA:26,3
DA:27,1
DA:30,1
DA:31,2
DA:34,1
DA:35,1
DA:38,1
DA:39,1
DA:42,1
DA:43,1
DA:46,1
DA:47,1
DA:50,1
DA:51,1
DA:54,1
DA:55,1
LF:26
LH:24
end_of_record
SF:lib/core/constants/extensions/string_extension.dart
DA:2,2
DA:3,2
DA:4,2
DA:11,2
DA:12,8
LF:5
LH:5
end_of_record
SF:lib/core/di/authentication_injection.dart
DA:4,1
DA:5,1
DA:6,1
DA:7,2
DA:8,2
DA:11,1
DA:12,2
DA:13,2
DA:16,1
DA:17,2
DA:18,2
DA:21,1
DA:22,2
DA:23,2
DA:24,2
LF:15
LH:15
end_of_record
SF:lib/core/di/injection_container.dart
DA:9,3
DA:11,1
DA:12,1
DA:13,1
DA:14,1
DA:15,1
DA:17,1
DA:23,2
DA:24,2
DA:25,2
LF:10
LH:10
end_of_record
SF:lib/core/di/summary_injection.dart
DA:4,1
DA:5,1
DA:6,1
DA:7,2
DA:8,2
DA:11,1
DA:12,2
DA:13,2
DA:16,1
DA:17,2
DA:18,2
DA:21,1
DA:22,2
DA:23,2
LF:14
LH:14
end_of_record
SF:lib/core/domain/entities/app_error.dart
DA:4,3
DA:8,1
DA:9,1
DA:10,1
LF:4
LH:4
end_of_record
SF:lib/core/presentation/app/app.dart
DA:9,0
DA:11,0
DA:12,0
DA:16,0
DA:18,0
DA:19,0
DA:20,0
DA:21,0
DA:22,0
DA:25,0
DA:26,0
DA:29,0
DA:30,0
LF:13
LH:0
end_of_record
SF:lib/core/presentation/routes/router.dart
DA:13,0
DA:14,0
DA:16,0
DA:17,0
DA:18,0
DA:21,0
DA:22,0
DA:23,0
DA:25,0
DA:26,0
DA:29,0
DA:30,0
DA:35,0
DA:36,0
DA:37,0
DA:38,0
DA:39,0
DA:43,0
DA:44,0
DA:46,0
DA:49,0
DA:50,0
DA:51,0
DA:52,0
DA:53,0
DA:54,0
DA:55,0
DA:56,0
DA:57,0
DA:59,0
DA:61,0
DA:69,0
DA:70,0
DA:71,0
DA:72,0
DA:73,0
DA:74,0
DA:75,0
DA:76,0
DA:82,0
DA:83,0
DA:84,0
DA:85,0
DA:86,0
DA:87,0
DA:88,0
DA:89,0
DA:91,0
DA:93,0
DA:105,0
LF:50
LH:0
end_of_record
SF:lib/features/authentication/data/datasources/authentication_datasource.dart
DA:15,2
DA:19,1
DA:21,2
DA:23,1
DA:24,1
DA:25,1
DA:29,2
DA:33,2
DA:35,3
DA:36,1
DA:38,1
DA:39,1
DA:40,3
DA:43,1
DA:44,1
DA:45,5
LF:16
LH:16
end_of_record
SF:lib/features/authentication/data/models/session_model.dart
DA:5,3
DA:10,1
DA:11,1
DA:12,1
DA:13,1
LF:5
LH:5
end_of_record
SF:lib/features/authentication/domain/entities/session_entity.dart
DA:5,4
DA:12,1
DA:13,1
DA:14,1
DA:15,1
LF:5
LH:5
end_of_record
SF:lib/features/authentication/data/repositories/authentication_repository_impl.dart
DA:8,2
DA:13,1
DA:15,2
LF:3
LH:3
end_of_record
SF:lib/features/authentication/domain/entities/sign_in_params.dart
DA:5,4
DA:13,1
DA:14,1
DA:15,1
DA:16,1
LF:5
LH:5
end_of_record
SF:lib/features/authentication/domain/usecases/sign_in_usecase.dart
DA:8,2
DA:13,1
DA:15,2
LF:3
LH:3
end_of_record
SF:lib/features/authentication/presentation/screen/cubit/authentication_cubit.dart
DA:12,1
DA:17,1
DA:22,0
DA:23,0
DA:24,0
DA:25,0
DA:27,0
DA:28,0
DA:29,0
DA:33,0
DA:34,0
DA:35,0
DA:36,0
DA:40,0
DA:41,0
DA:42,0
DA:43,0
DA:46,0
DA:47,0
DA:48,0
DA:49,0
DA:50,0
DA:57,0
DA:58,0
LF:24
LH:2
end_of_record
SF:lib/features/authentication/presentation/screen/cubit/authentication_state.dart
DA:4,17
DA:18,0
DA:19,0
DA:20,0
DA:21,0
DA:22,0
DA:23,0
DA:24,0
DA:27,0
DA:34,0
DA:35,0
DA:36,0
DA:37,0
DA:38,0
DA:39,0
DA:45,34
DA:47,0
DA:48,0
DA:52,17
DA:56,17
DA:60,0
DA:66,0
LF:22
LH:4
end_of_record
SF:lib/features/authentication/presentation/screen/sign_in_screen.dart
DA:15,17
DA:17,0
DA:19,0
DA:20,0
DA:22,0
DA:23,0
DA:24,0
DA:25,0
DA:26,0
DA:27,0
DA:29,0
DA:30,0
DA:32,0
DA:33,0
DA:34,0
DA:36,0
DA:39,0
DA:40,0
DA:42,0
DA:43,0
DA:44,0
DA:46,0
DA:47,0
DA:51,0
DA:52,0
DA:54,0
DA:56,0
DA:57,0
DA:62,0
DA:64,0
DA:65,0
DA:69,0
DA:70,0
DA:73,0
DA:75,0
DA:76,0
DA:77,0
DA:79,0
DA:80,0
DA:88,0
DA:90,0
DA:91,0
DA:92,0
DA:96,0
DA:97,0
DA:98,0
DA:102,0
DA:104,0
DA:105,0
DA:106,0
DA:110,0
DA:111,0
DA:112,0
DA:117,0
DA:118,0
DA:124,0
DA:125,0
DA:126,0
DA:129,0
DA:130,0
DA:132,0
DA:135,0
DA:139,0
DA:140,0
DA:142,0
DA:145,0
DA:146,0
LF:67
LH:1
end_of_record
SF:lib/features/authentication/presentation/widgets/check_text.dart
DA:6,0
DA:21,0
DA:23,0
DA:24,0
DA:25,0
DA:33,0
DA:34,0
DA:36,0
DA:37,0
DA:42,0
DA:43,0
DA:44,0
DA:49,0
DA:50,0
DA:52,0
DA:53,0
LF:16
LH:0
end_of_record
SF:lib/features/authentication/presentation/widgets/custom_button.dart
DA:5,17
DA:16,0
DA:18,0
DA:19,0
DA:20,0
DA:22,0
DA:23,0
DA:28,0
DA:29,0
DA:31,0
DA:34,0
DA:35,0
DA:36,0
DA:37,0
LF:14
LH:1
end_of_record
SF:lib/features/authentication/presentation/widgets/form_sign_in.dart
DA:10,17
DA:12,0
DA:13,0
DA:19,0
DA:21,0
DA:24,0
DA:25,0
DA:27,0
DA:28,0
DA:29,0
DA:36,0
DA:37,0
DA:38,0
DA:39,0
DA:42,0
DA:43,0
DA:44,0
DA:46,0
DA:52,0
DA:53,0
DA:54,0
LF:21
LH:1
end_of_record
SF:lib/features/authentication/presentation/widgets/submit_button.dart
DA:8,17
DA:10,0
DA:12,0
DA:13,0
DA:14,0
DA:16,0
DA:17,0
DA:18,0
DA:19,0
LF:9
LH:1
end_of_record
SF:lib/features/authentication/presentation/widgets/custom_input.dart
DA:7,0
DA:22,0
DA:24,0
DA:27,0
DA:28,0
DA:29,0
DA:30,0
DA:32,0
DA:36,0
DA:37,0
DA:39,0
DA:40,0
DA:41,0
DA:42,0
DA:43,0
DA:44,0
DA:45,0
DA:48,0
DA:49,0
DA:50,0
DA:54,0
DA:55,0
DA:60,0
DA:61,0
DA:62,0
DA:63,0
DA:66,0
DA:67,0
DA:74,0
DA:76,0
DA:77,0
DA:79,0
DA:80,0
DA:81,0
LF:34
LH:0
end_of_record
SF:lib/features/main/data/datasources/summary_datasource.dart
DA:14,2
DA:18,1
DA:20,1
DA:21,1
DA:24,1
DA:33,2
DA:38,4
DA:39,2
DA:40,2
DA:41,3
DA:42,2
DA:43,3
DA:44,1
DA:45,1
DA:46,1
DA:47,1
DA:48,5
DA:51,1
DA:52,2
DA:57,1
DA:60,2
DA:61,1
DA:62,1
DA:63,1
DA:64,1
DA:69,1
LF:26
LH:26
end_of_record
SF:lib/features/main/data/mappers/kpi_mapper.dart
DA:5,1
DA:6,1
DA:7,1
DA:9,2
DA:10,2
DA:12,1
DA:13,1
DA:14,1
DA:15,1
DA:16,1
DA:17,1
DA:20,1
DA:22,1
DA:24,1
DA:25,2
DA:34,1
DA:35,1
DA:36,3
DA:37,1
DA:38,1
DA:39,3
DA:42,1
DA:44,6
DA:45,2
DA:49,2
LF:25
LH:25
end_of_record
SF:lib/features/main/data/models/entry_model.dart
DA:6,3
DA:13,1
DA:14,1
DA:15,1
DA:16,1
DA:17,1
DA:18,2
LF:7
LH:7
end_of_record
SF:lib/features/main/domain/entities/entry_entity.dart
DA:6,4
DA:18,1
DA:19,1
DA:20,1
DA:21,1
DA:22,1
DA:23,1
LF:7
LH:7
end_of_record
SF:lib/features/main/data/repositories/summary_repository.dart
DA:9,2
DA:14,1
DA:16,2
LF:3
LH:3
end_of_record
SF:lib/features/main/domain/entities/kpi_entity.dart
DA:4,4
DA:18,1
DA:19,1
DA:20,1
DA:21,1
DA:22,1
DA:23,1
DA:24,1
DA:27,1
DA:34,1
DA:35,1
DA:36,1
DA:37,1
DA:38,1
DA:39,1
LF:15
LH:15
end_of_record
SF:lib/features/main/domain/usecases/get_entries_usecase.dart
DA:9,2
DA:14,1
DA:16,2
LF:3
LH:3
end_of_record
SF:lib/features/main/presentation/screen/cubit/summary_state.dart
DA:4,17
DA:10,0
DA:11,0
DA:13,0
DA:16,0
DA:17,0
DA:23,34
DA:25,0
DA:26,0
DA:30,17
DA:34,17
DA:38,0
DA:44,0
LF:13
LH:4
end_of_record
SF:lib/features/main/presentation/screen/cubit/summary_cubit.dart
DA:11,1
DA:13,1
DA:17,0
DA:18,0
DA:19,0
DA:25,0
DA:27,0
DA:28,0
DA:29,0
DA:30,0
DA:33,0
DA:34,0
DA:35,0
LF:13
LH:2
end_of_record
SF:lib/features/main/presentation/screen/main_screen.dart
DA:9,0
DA:13,0
DA:14,0
DA:18,0
DA:20,0
DA:21,0
DA:24,0
DA:25,0
DA:27,0
DA:32,0
DA:34,0
DA:36,0
DA:37,0
DA:52,0
DA:54,0
DA:56,0
LF:16
LH:0
end_of_record
SF:lib/features/main/presentation/screen/summary_screen.dart
DA:11,17
DA:13,0
DA:14,0
DA:20,0
DA:22,0
DA:23,0
DA:24,0
DA:25,0
DA:26,0
DA:27,0
DA:30,0
DA:31,0
DA:34,0
DA:35,0
DA:36,0
DA:37,0
DA:38,0
DA:40,0
LF:18
LH:1
end_of_record
SF:lib/features/main/presentation/screen/widgets/custom_appbar.dart
DA:10,17
DA:12,0
DA:14,0
DA:16,0
DA:17,0
DA:19,0
DA:21,0
DA:23,0
DA:24,0
DA:27,0
DA:29,0
DA:30,0
DA:31,0
DA:32,0
DA:33,0
DA:34,0
DA:36,0
DA:38,0
DA:42,0
DA:45,0
DA:46,0
DA:48,0
DA:50,0
DA:54,0
DA:55,0
DA:56,0
DA:58,0
DA:75,0
DA:78,0
DA:80,0
DA:82,0
DA:83,0
DA:84,0
DA:85,0
DA:86,0
DA:88,0
DA:105,0
DA:106,0
DA:118,0
DA:120,0
DA:129,0
DA:130,0
LF:42
LH:1
end_of_record
SF:lib/features/main/presentation/screen/widgets/banner_summary.dart
DA:7,17
DA:9,0
DA:11,0
DA:13,0
DA:14,0
DA:16,0
DA:18,0
DA:19,0
DA:24,0
DA:25,0
DA:26,0
LF:11
LH:1
end_of_record
SF:lib/features/main/presentation/screen/widgets/card_kpi_widget.dart
DA:11,0
DA:15,0
DA:16,0
DA:23,0
DA:25,0
DA:26,0
DA:29,0
DA:30,0
DA:33,0
DA:36,0
DA:37,0
DA:40,0
DA:43,0
DA:45,0
DA:49,0
DA:51,0
DA:53,0
DA:55,0
DA:59,0
DA:63,0
DA:65,0
DA:66,0
DA:68,0
DA:69,0
DA:75,0
DA:76,0
DA:78,0
DA:80,0
DA:81,0
DA:83,0
DA:84,0
DA:86,0
DA:87,0
DA:89,0
DA:91,0
DA:92,0
DA:93,0
DA:98,0
DA:99,0
DA:100,0
DA:101,0
DA:102,0
DA:110,0
DA:117,0
DA:119,0
DA:121,0
DA:123,0
DA:124,0
DA:125,0
DA:126,0
DA:127,0
DA:128,0
DA:129,0
DA:132,0
DA:143,0
DA:144,0
DA:147,0
DA:149,0
DA:150,0
DA:154,0
DA:156,0
DA:160,0
DA:161,0
DA:162,0
DA:163,0
DA:165,0
DA:166,0
DA:171,0
DA:174,0
DA:175,0
DA:178,0
LF:71
LH:0
end_of_record
SF:lib/features/main/presentation/screen/widgets/segmented_control_widget.dart
DA:7,17
DA:9,0
DA:11,0
DA:13,0
DA:14,0
DA:16,0
DA:18,0
DA:20,0
DA:21,0
DA:22,0
DA:23,0
DA:24,0
DA:25,0
DA:27,0
DA:29,0
DA:31,0
DA:33,0
DA:34,0
DA:39,0
DA:41,0
DA:43,0
DA:47,0
DA:49,0
DA:51,0
LF:24
LH:1
end_of_record
SF:lib/features/main/presentation/screen/widgets/custom_slider_thumb.dart
DA:6,0
DA:13,0
DA:15,0
DA:18,0
DA:33,0
DA:35,0
DA:36,0
DA:37,0
DA:39,0
DA:41,0
DA:42,0
DA:43,0
DA:47,0
DA:50,0
DA:56,0
DA:57,0
DA:58,0
DA:59,0
DA:61,0
LF:19
LH:0
end_of_record
SF:lib/features/main/presentation/screen/widgets/info_card_kpi.dart
DA:7,17
DA:9,0
DA:11,0
DA:14,0
DA:15,0
DA:17,0
DA:19,0
DA:23,0
DA:24,0
DA:26,0
DA:28,0
DA:30,0
DA:34,0
DA:35,0
DA:37,0
DA:39,0
DA:41,0
LF:17
LH:1
end_of_record
SF:lib/features/main/presentation/screen/widgets/progress_bar_name_widget.dart
DA:10,0
DA:18,0
DA:20,0
DA:21,0
DA:22,0
DA:23,0
DA:24,0
DA:26,0
DA:27,0
DA:28,0
DA:30,0
LF:11
LH:0
end_of_record
SF:lib/features/main/presentation/screen/widgets/progress_bar_widget.dart
DA:8,0
DA:16,0
DA:18,0
DA:19,0
DA:20,0
DA:21,0
DA:22,0
DA:23,0
DA:35,0
DA:36,0
DA:37,0
DA:43,0
DA:44,0
DA:45,0
DA:46,0
DA:55,0
DA:56,0
DA:58,0
DA:59,0
DA:60,0
DA:63,0
LF:21
LH:0
end_of_record
